<?xml version="1.0" encoding="UTF-8"?>
<!-- Generated by org.testng.reporters.JUnitXMLReporter -->
<testsuite hostname="ITEM-S33161" ignored="4" name="Test" tests="2" failures="0" timestamp="24 Jun 2019 16:35:23 GMT" time="32.776" errors="0">
  <testcase name="Tc_01_ValidataSignIn" time="14.96" classname="com.TestCases.Tc_01_ValidataSignIn"/>
  <testcase name="Tc_01_ValidataSignIn" time="13.01" classname="com.TestCases.Tc_02_RegisterNewUser"/>
  <testcase name="@BeforeSuite beforeSuite" time="0.0" classname="com.TestNGAnnotations.Annotations">
    <ignored/>
  </testcase> <!-- @BeforeSuite beforeSuite -->
  <testcase name="@AfterSuite afterSuite" time="0.0" classname="com.TestNGAnnotations.Annotations">
    <ignored/>
  </testcase> <!-- @AfterSuite afterSuite -->
  <testcase name="@BeforeTest beforeTest" time="0.0" classname="com.TestNGAnnotations.Annotations">
    <ignored/>
  </testcase> <!-- @BeforeTest beforeTest -->
  <testcase name="@AfterTest afterTest" time="0.0" classname="com.TestNGAnnotations.Annotations">
    <ignored/>
  </testcase> <!-- @AfterTest afterTest -->
</testsuite> <!-- Test -->
